*** Using Compiler 'V5.06 update 6 (build 750)', folder: 'C:\Keil_v5\ARM\ARMCC\Bin'
Build target 'Target 1'
compiling main.c...
.\user\inc\led.h(15): warning:  #1-D: last line of file ends without a newline
  #endif
.\user\inc\main.h(69): warning:  #1-D: last line of file ends without a newline
  #endif
.\user\inc\usart.h(13): warning:  #1-D: last line of file ends without a newline
  #endif
.\user\inc\nvic.h(6): warning:  #1-D: last line of file ends without a newline
  #endif
.\user\inc\selfprintf.h(10): warning:  #1-D: last line of file ends without a newline
  #endif
.\user\inc\tim.h(10): warning:  #1-D: last line of file ends without a newline
  #endif
.\user\inc\delay.h(12): warning:  #1-D: last line of file ends without a newline
  #endif
.\user\inc\door.h(14): warning:  #1-D: last line of file ends without a newline
  #endif
.\user\inc\w25q64.h(30): warning:  #1-D: last line of file ends without a newline
  #endif
.\user\inc\lcd.h(26): warning:  #47-D: incompatible redefinition of macro "LCD_H"  (declared at line 2)
  #define LCD_H  240
.\user\inc\lcd.h(84): warning:  #1-D: last line of file ends without a newline
  #endif
.\user\inc\font.h(14): warning:  #1-D: last line of file ends without a newline
  #endif
.\user\inc\function.h(29): warning:  #1-D: last line of file ends without a newline
  #endif
.\user\inc\voice.h(52): warning:  #1-D: last line of file ends without a newline
  #endif
.\user\inc\iwdg.h(13): warning:  #1-D: last line of file ends without a newline
  #endif
.\user\inc\bs8116.h(27): warning:  #1-D: last line of file ends without a newline
  #endif
.\user\inc\mg200.h(38): warning:  #1-D: last line of file ends without a newline
  #endif
.\user\inc\rc522.h(199): warning:  #1295-D: Deprecated declaration Test_MFRC522 - give arg types
  unsigned char Test_MFRC522();
.\user\inc\rc522.h(201): warning:  #1-D: last line of file ends without a newline
  #endif
.\user\inc\main.h(69): warning:  #1-D: last line of file ends without a newline
  #endif
user\src\main.c(119): warning:  #111-D: statement is unreachable
  	return 1;
user\src\main.c: 21 warnings, 0 errors
compiling led.c...
.\user\inc\led.h(15): warning:  #1-D: last line of file ends without a newline
  #endif
.\user\inc\main.h(69): warning:  #1-D: last line of file ends without a newline
  #endif
.\user\inc\usart.h(13): warning:  #1-D: last line of file ends without a newline
  #endif
.\user\inc\nvic.h(6): warning:  #1-D: last line of file ends without a newline
  #endif
.\user\inc\selfprintf.h(10): warning:  #1-D: last line of file ends without a newline
  #endif
.\user\inc\tim.h(10): warning:  #1-D: last line of file ends without a newline
  #endif
.\user\inc\delay.h(12): warning:  #1-D: last line of file ends without a newline
  #endif
.\user\inc\door.h(14): warning:  #1-D: last line of file ends without a newline
  #endif
.\user\inc\w25q64.h(30): warning:  #1-D: last line of file ends without a newline
  #endif
.\user\inc\lcd.h(26): warning:  #47-D: incompatible redefinition of macro "LCD_H"  (declared at line 2)
  #define LCD_H  240
.\user\inc\lcd.h(84): warning:  #1-D: last line of file ends without a newline
  #endif
.\user\inc\font.h(14): warning:  #1-D: last line of file ends without a newline
  #endif
.\user\inc\function.h(29): warning:  #1-D: last line of file ends without a newline
  #endif
.\user\inc\voice.h(52): warning:  #1-D: last line of file ends without a newline
  #endif
.\user\inc\iwdg.h(13): warning:  #1-D: last line of file ends without a newline
  #endif
.\user\inc\bs8116.h(27): warning:  #1-D: last line of file ends without a newline
  #endif
.\user\inc\mg200.h(38): warning:  #1-D: last line of file ends without a newline
  #endif
.\user\inc\rc522.h(199): warning:  #1295-D: Deprecated declaration Test_MFRC522 - give arg types
  unsigned char Test_MFRC522();
.\user\inc\rc522.h(201): warning:  #1-D: last line of file ends without a newline
  #endif
.\user\inc\main.h(69): warning:  #1-D: last line of file ends without a newline
  #endif
user\src\led.c(28): warning:  #1-D: last line of file ends without a newline
  }
user\src\led.c: 21 warnings, 0 errors
compiling key.c...
.\user\inc\led.h(15): warning:  #1-D: last line of file ends without a newline
  #endif
.\user\inc\main.h(69): warning:  #1-D: last line of file ends without a newline
  #endif
.\user\inc\usart.h(13): warning:  #1-D: last line of file ends without a newline
  #endif
.\user\inc\nvic.h(6): warning:  #1-D: last line of file ends without a newline
  #endif
.\user\inc\selfprintf.h(10): warning:  #1-D: last line of file ends without a newline
  #endif
.\user\inc\tim.h(10): warning:  #1-D: last line of file ends without a newline
  #endif
.\user\inc\delay.h(12): warning:  #1-D: last line of file ends without a newline
  #endif
.\user\inc\door.h(14): warning:  #1-D: last line of file ends without a newline
  #endif
.\user\inc\w25q64.h(30): warning:  #1-D: last line of file ends without a newline
  #endif
.\user\inc\lcd.h(26): warning:  #47-D: incompatible redefinition of macro "LCD_H"  (declared at line 2)
  #define LCD_H  240
.\user\inc\lcd.h(84): warning:  #1-D: last line of file ends without a newline
  #endif
.\user\inc\font.h(14): warning:  #1-D: last line of file ends without a newline
  #endif
.\user\inc\function.h(29): warning:  #1-D: last line of file ends without a newline
  #endif
.\user\inc\voice.h(52): warning:  #1-D: last line of file ends without a newline
  #endif
.\user\inc\iwdg.h(13): warning:  #1-D: last line of file ends without a newline
  #endif
.\user\inc\bs8116.h(27): warning:  #1-D: last line of file ends without a newline
  #endif
.\user\inc\mg200.h(38): warning:  #1-D: last line of file ends without a newline
  #endif
.\user\inc\rc522.h(199): warning:  #1295-D: Deprecated declaration Test_MFRC522 - give arg types
  unsigned char Test_MFRC522();
.\user\inc\rc522.h(201): warning:  #1-D: last line of file ends without a newline
  #endif
.\user\inc\main.h(69): warning:  #1-D: last line of file ends without a newline
  #endif
user\src\key.c(70): warning:  #1-D: last line of file ends without a newline
  }
user\src\key.c: 21 warnings, 0 errors
compiling nvic.c...
.\user\inc\led.h(15): warning:  #1-D: last line of file ends without a newline
  #endif
.\user\inc\main.h(69): warning:  #1-D: last line of file ends without a newline
  #endif
.\user\inc\usart.h(13): warning:  #1-D: last line of file ends without a newline
  #endif
.\user\inc\nvic.h(6): warning:  #1-D: last line of file ends without a newline
  #endif
.\user\inc\selfprintf.h(10): warning:  #1-D: last line of file ends without a newline
  #endif
.\user\inc\tim.h(10): warning:  #1-D: last line of file ends without a newline
  #endif
.\user\inc\delay.h(12): warning:  #1-D: last line of file ends without a newline
  #endif
.\user\inc\door.h(14): warning:  #1-D: last line of file ends without a newline
  #endif
.\user\inc\w25q64.h(30): warning:  #1-D: last line of file ends without a newline
  #endif
.\user\inc\lcd.h(26): warning:  #47-D: incompatible redefinition of macro "LCD_H"  (declared at line 2)
  #define LCD_H  240
.\user\inc\lcd.h(84): warning:  #1-D: last line of file ends without a newline
  #endif
.\user\inc\font.h(14): warning:  #1-D: last line of file ends without a newline
  #endif
.\user\inc\function.h(29): warning:  #1-D: last line of file ends without a newline
  #endif
.\user\inc\voice.h(52): warning:  #1-D: last line of file ends without a newline
  #endif
.\user\inc\iwdg.h(13): warning:  #1-D: last line of file ends without a newline
  #endif
.\user\inc\bs8116.h(27): warning:  #1-D: last line of file ends without a newline
  #endif
.\user\inc\mg200.h(38): warning:  #1-D: last line of file ends without a newline
  #endif
.\user\inc\rc522.h(199): warning:  #1295-D: Deprecated declaration Test_MFRC522 - give arg types
  unsigned char Test_MFRC522();
.\user\inc\rc522.h(201): warning:  #1-D: last line of file ends without a newline
  #endif
.\user\inc\main.h(69): warning:  #1-D: last line of file ends without a newline
  #endif
user\src\nvic.c(86): warning:  #260-D: explicit type is missing ("int" assumed)
  TIM1_BRK_TIM9_IRQHandler(void){
user\src\nvic.c: 21 warnings, 0 errors
compiling usart.c...
.\user\inc\led.h(15): warning:  #1-D: last line of file ends without a newline
  #endif
.\user\inc\main.h(69): warning:  #1-D: last line of file ends without a newline
  #endif
.\user\inc\usart.h(13): warning:  #1-D: last line of file ends without a newline
  #endif
.\user\inc\nvic.h(6): warning:  #1-D: last line of file ends without a newline
  #endif
.\user\inc\selfprintf.h(10): warning:  #1-D: last line of file ends without a newline
  #endif
.\user\inc\tim.h(10): warning:  #1-D: last line of file ends without a newline
  #endif
.\user\inc\delay.h(12): warning:  #1-D: last line of file ends without a newline
  #endif
.\user\inc\door.h(14): warning:  #1-D: last line of file ends without a newline
  #endif
.\user\inc\w25q64.h(30): warning:  #1-D: last line of file ends without a newline
  #endif
.\user\inc\lcd.h(26): warning:  #47-D: incompatible redefinition of macro "LCD_H"  (declared at line 2)
  #define LCD_H  240
.\user\inc\lcd.h(84): warning:  #1-D: last line of file ends without a newline
  #endif
.\user\inc\font.h(14): warning:  #1-D: last line of file ends without a newline
  #endif
.\user\inc\function.h(29): warning:  #1-D: last line of file ends without a newline
  #endif
.\user\inc\voice.h(52): warning:  #1-D: last line of file ends without a newline
  #endif
.\user\inc\iwdg.h(13): warning:  #1-D: last line of file ends without a newline
  #endif
.\user\inc\bs8116.h(27): warning:  #1-D: last line of file ends without a newline
  #endif
.\user\inc\mg200.h(38): warning:  #1-D: last line of file ends without a newline
  #endif
.\user\inc\rc522.h(199): warning:  #1295-D: Deprecated declaration Test_MFRC522 - give arg types
  unsigned char Test_MFRC522();
.\user\inc\rc522.h(201): warning:  #1-D: last line of file ends without a newline
  #endif
.\user\inc\main.h(69): warning:  #1-D: last line of file ends without a newline
  #endif
user\src\usart.c: 20 warnings, 0 errors
compiling selfprintf.c...
.\user\inc\led.h(15): warning:  #1-D: last line of file ends without a newline
  #endif
.\user\inc\main.h(69): warning:  #1-D: last line of file ends without a newline
  #endif
.\user\inc\usart.h(13): warning:  #1-D: last line of file ends without a newline
  #endif
.\user\inc\nvic.h(6): warning:  #1-D: last line of file ends without a newline
  #endif
.\user\inc\selfprintf.h(10): warning:  #1-D: last line of file ends without a newline
  #endif
.\user\inc\tim.h(10): warning:  #1-D: last line of file ends without a newline
  #endif
.\user\inc\delay.h(12): warning:  #1-D: last line of file ends without a newline
  #endif
.\user\inc\door.h(14): warning:  #1-D: last line of file ends without a newline
  #endif
.\user\inc\w25q64.h(30): warning:  #1-D: last line of file ends without a newline
  #endif
.\user\inc\lcd.h(26): warning:  #47-D: incompatible redefinition of macro "LCD_H"  (declared at line 2)
  #define LCD_H  240
.\user\inc\lcd.h(84): warning:  #1-D: last line of file ends without a newline
  #endif
.\user\inc\font.h(14): warning:  #1-D: last line of file ends without a newline
  #endif
.\user\inc\function.h(29): warning:  #1-D: last line of file ends without a newline
  #endif
.\user\inc\voice.h(52): warning:  #1-D: last line of file ends without a newline
  #endif
.\user\inc\iwdg.h(13): warning:  #1-D: last line of file ends without a newline
  #endif
.\user\inc\bs8116.h(27): warning:  #1-D: last line of file ends without a newline
  #endif
.\user\inc\mg200.h(38): warning:  #1-D: last line of file ends without a newline
  #endif
.\user\inc\rc522.h(199): warning:  #1295-D: Deprecated declaration Test_MFRC522 - give arg types
  unsigned char Test_MFRC522();
.\user\inc\rc522.h(201): warning:  #1-D: last line of file ends without a newline
  #endif
.\user\inc\main.h(69): warning:  #1-D: last line of file ends without a newline
  #endif
user\src\selfprintf.c(26): warning:  #1-D: last line of file ends without a newline
  }
user\src\selfprintf.c: 21 warnings, 0 errors
compiling tim.c...
.\user\inc\led.h(15): warning:  #1-D: last line of file ends without a newline
  #endif
.\user\inc\main.h(69): warning:  #1-D: last line of file ends without a newline
  #endif
.\user\inc\usart.h(13): warning:  #1-D: last line of file ends without a newline
  #endif
.\user\inc\nvic.h(6): warning:  #1-D: last line of file ends without a newline
  #endif
.\user\inc\selfprintf.h(10): warning:  #1-D: last line of file ends without a newline
  #endif
.\user\inc\tim.h(10): warning:  #1-D: last line of file ends without a newline
  #endif
.\user\inc\delay.h(12): warning:  #1-D: last line of file ends without a newline
  #endif
.\user\inc\door.h(14): warning:  #1-D: last line of file ends without a newline
  #endif
.\user\inc\w25q64.h(30): warning:  #1-D: last line of file ends without a newline
  #endif
.\user\inc\lcd.h(26): warning:  #47-D: incompatible redefinition of macro "LCD_H"  (declared at line 2)
  #define LCD_H  240
.\user\inc\lcd.h(84): warning:  #1-D: last line of file ends without a newline
  #endif
.\user\inc\font.h(14): warning:  #1-D: last line of file ends without a newline
  #endif
.\user\inc\function.h(29): warning:  #1-D: last line of file ends without a newline
  #endif
.\user\inc\voice.h(52): warning:  #1-D: last line of file ends without a newline
  #endif
.\user\inc\iwdg.h(13): warning:  #1-D: last line of file ends without a newline
  #endif
.\user\inc\bs8116.h(27): warning:  #1-D: last line of file ends without a newline
  #endif
.\user\inc\mg200.h(38): warning:  #1-D: last line of file ends without a newline
  #endif
.\user\inc\rc522.h(199): warning:  #1295-D: Deprecated declaration Test_MFRC522 - give arg types
  unsigned char Test_MFRC522();
.\user\inc\rc522.h(201): warning:  #1-D: last line of file ends without a newline
  #endif
.\user\inc\main.h(69): warning:  #1-D: last line of file ends without a newline
  #endif
user\src\tim.c(101): warning:  #1-D: last line of file ends without a newline
  }
user\src\tim.c: 21 warnings, 0 errors
compiling door.c...
.\user\inc\led.h(15): warning:  #1-D: last line of file ends without a newline
  #endif
.\user\inc\main.h(69): warning:  #1-D: last line of file ends without a newline
  #endif
.\user\inc\usart.h(13): warning:  #1-D: last line of file ends without a newline
  #endif
.\user\inc\nvic.h(6): warning:  #1-D: last line of file ends without a newline
  #endif
.\user\inc\selfprintf.h(10): warning:  #1-D: last line of file ends without a newline
  #endif
.\user\inc\tim.h(10): warning:  #1-D: last line of file ends without a newline
  #endif
.\user\inc\delay.h(12): warning:  #1-D: last line of file ends without a newline
  #endif
.\user\inc\door.h(14): warning:  #1-D: last line of file ends without a newline
  #endif
.\user\inc\w25q64.h(30): warning:  #1-D: last line of file ends without a newline
  #endif
.\user\inc\lcd.h(26): warning:  #47-D: incompatible redefinition of macro "LCD_H"  (declared at line 2)
  #define LCD_H  240
.\user\inc\lcd.h(84): warning:  #1-D: last line of file ends without a newline
  #endif
.\user\inc\font.h(14): warning:  #1-D: last line of file ends without a newline
  #endif
.\user\inc\function.h(29): warning:  #1-D: last line of file ends without a newline
  #endif
.\user\inc\voice.h(52): warning:  #1-D: last line of file ends without a newline
  #endif
.\user\inc\iwdg.h(13): warning:  #1-D: last line of file ends without a newline
  #endif
.\user\inc\bs8116.h(27): warning:  #1-D: last line of file ends without a newline
  #endif
.\user\inc\mg200.h(38): warning:  #1-D: last line of file ends without a newline
  #endif
.\user\inc\rc522.h(199): warning:  #1295-D: Deprecated declaration Test_MFRC522 - give arg types
  unsigned char Test_MFRC522();
.\user\inc\rc522.h(201): warning:  #1-D: last line of file ends without a newline
  #endif
.\user\inc\main.h(69): warning:  #1-D: last line of file ends without a newline
  #endif
user\src\door.c: 20 warnings, 0 errors
compiling delay.c...
.\user\inc\led.h(15): warning:  #1-D: last line of file ends without a newline
  #endif
.\user\inc\main.h(69): warning:  #1-D: last line of file ends without a newline
  #endif
.\user\inc\usart.h(13): warning:  #1-D: last line of file ends without a newline
  #endif
.\user\inc\nvic.h(6): warning:  #1-D: last line of file ends without a newline
  #endif
.\user\inc\selfprintf.h(10): warning:  #1-D: last line of file ends without a newline
  #endif
.\user\inc\tim.h(10): warning:  #1-D: last line of file ends without a newline
  #endif
.\user\inc\delay.h(12): warning:  #1-D: last line of file ends without a newline
  #endif
.\user\inc\door.h(14): warning:  #1-D: last line of file ends without a newline
  #endif
.\user\inc\w25q64.h(30): warning:  #1-D: last line of file ends without a newline
  #endif
.\user\inc\lcd.h(26): warning:  #47-D: incompatible redefinition of macro "LCD_H"  (declared at line 2)
  #define LCD_H  240
.\user\inc\lcd.h(84): warning:  #1-D: last line of file ends without a newline
  #endif
.\user\inc\font.h(14): warning:  #1-D: last line of file ends without a newline
  #endif
.\user\inc\function.h(29): warning:  #1-D: last line of file ends without a newline
  #endif
.\user\inc\voice.h(52): warning:  #1-D: last line of file ends without a newline
  #endif
.\user\inc\iwdg.h(13): warning:  #1-D: last line of file ends without a newline
  #endif
.\user\inc\bs8116.h(27): warning:  #1-D: last line of file ends without a newline
  #endif
.\user\inc\mg200.h(38): warning:  #1-D: last line of file ends without a newline
  #endif
.\user\inc\rc522.h(199): warning:  #1295-D: Deprecated declaration Test_MFRC522 - give arg types
  unsigned char Test_MFRC522();
.\user\inc\rc522.h(201): warning:  #1-D: last line of file ends without a newline
  #endif
.\user\inc\main.h(69): warning:  #1-D: last line of file ends without a newline
  #endif
user\src\delay.c(108): warning:  #1-D: last line of file ends without a newline
  }
user\src\delay.c: 21 warnings, 0 errors
compiling w25q64.c...
.\user\inc\led.h(15): warning:  #1-D: last line of file ends without a newline
  #endif
.\user\inc\main.h(69): warning:  #1-D: last line of file ends without a newline
  #endif
.\user\inc\usart.h(13): warning:  #1-D: last line of file ends without a newline
  #endif
.\user\inc\nvic.h(6): warning:  #1-D: last line of file ends without a newline
  #endif
.\user\inc\selfprintf.h(10): warning:  #1-D: last line of file ends without a newline
  #endif
.\user\inc\tim.h(10): warning:  #1-D: last line of file ends without a newline
  #endif
.\user\inc\delay.h(12): warning:  #1-D: last line of file ends without a newline
  #endif
.\user\inc\door.h(14): warning:  #1-D: last line of file ends without a newline
  #endif
.\user\inc\w25q64.h(30): warning:  #1-D: last line of file ends without a newline
  #endif
.\user\inc\lcd.h(26): warning:  #47-D: incompatible redefinition of macro "LCD_H"  (declared at line 2)
  #define LCD_H  240
.\user\inc\lcd.h(84): warning:  #1-D: last line of file ends without a newline
  #endif
.\user\inc\font.h(14): warning:  #1-D: last line of file ends without a newline
  #endif
.\user\inc\function.h(29): warning:  #1-D: last line of file ends without a newline
  #endif
.\user\inc\voice.h(52): warning:  #1-D: last line of file ends without a newline
  #endif
.\user\inc\iwdg.h(13): warning:  #1-D: last line of file ends without a newline
  #endif
.\user\inc\bs8116.h(27): warning:  #1-D: last line of file ends without a newline
  #endif
.\user\inc\mg200.h(38): warning:  #1-D: last line of file ends without a newline
  #endif
.\user\inc\rc522.h(199): warning:  #1295-D: Deprecated declaration Test_MFRC522 - give arg types
  unsigned char Test_MFRC522();
.\user\inc\rc522.h(201): warning:  #1-D: last line of file ends without a newline
  #endif
.\user\inc\main.h(69): warning:  #1-D: last line of file ends without a newline
  #endif
user\src\w25q64.c: 20 warnings, 0 errors
compiling at24cxx.c...
.\user\inc\led.h(15): warning:  #1-D: last line of file ends without a newline
  #endif
.\user\inc\main.h(69): warning:  #1-D: last line of file ends without a newline
  #endif
.\user\inc\usart.h(13): warning:  #1-D: last line of file ends without a newline
  #endif
.\user\inc\nvic.h(6): warning:  #1-D: last line of file ends without a newline
  #endif
.\user\inc\selfprintf.h(10): warning:  #1-D: last line of file ends without a newline
  #endif
.\user\inc\tim.h(10): warning:  #1-D: last line of file ends without a newline
  #endif
.\user\inc\delay.h(12): warning:  #1-D: last line of file ends without a newline
  #endif
.\user\inc\door.h(14): warning:  #1-D: last line of file ends without a newline
  #endif
.\user\inc\w25q64.h(30): warning:  #1-D: last line of file ends without a newline
  #endif
.\user\inc\lcd.h(26): warning:  #47-D: incompatible redefinition of macro "LCD_H"  (declared at line 2)
  #define LCD_H  240
.\user\inc\lcd.h(84): warning:  #1-D: last line of file ends without a newline
  #endif
.\user\inc\font.h(14): warning:  #1-D: last line of file ends without a newline
  #endif
.\user\inc\function.h(29): warning:  #1-D: last line of file ends without a newline
  #endif
.\user\inc\voice.h(52): warning:  #1-D: last line of file ends without a newline
  #endif
.\user\inc\iwdg.h(13): warning:  #1-D: last line of file ends without a newline
  #endif
.\user\inc\bs8116.h(27): warning:  #1-D: last line of file ends without a newline
  #endif
.\user\inc\mg200.h(38): warning:  #1-D: last line of file ends without a newline
  #endif
.\user\inc\rc522.h(199): warning:  #1295-D: Deprecated declaration Test_MFRC522 - give arg types
  unsigned char Test_MFRC522();
.\user\inc\rc522.h(201): warning:  #1-D: last line of file ends without a newline
  #endif
.\user\inc\main.h(69): warning:  #1-D: last line of file ends without a newline
  #endif
user\src\at24cxx.c: 20 warnings, 0 errors
compiling lcd.c...
.\user\inc\led.h(15): warning:  #1-D: last line of file ends without a newline
  #endif
.\user\inc\main.h(69): warning:  #1-D: last line of file ends without a newline
  #endif
.\user\inc\usart.h(13): warning:  #1-D: last line of file ends without a newline
  #endif
.\user\inc\nvic.h(6): warning:  #1-D: last line of file ends without a newline
  #endif
.\user\inc\selfprintf.h(10): warning:  #1-D: last line of file ends without a newline
  #endif
.\user\inc\tim.h(10): warning:  #1-D: last line of file ends without a newline
  #endif
.\user\inc\delay.h(12): warning:  #1-D: last line of file ends without a newline
  #endif
.\user\inc\door.h(14): warning:  #1-D: last line of file ends without a newline
  #endif
.\user\inc\w25q64.h(30): warning:  #1-D: last line of file ends without a newline
  #endif
.\user\inc\lcd.h(26): warning:  #47-D: incompatible redefinition of macro "LCD_H"  (declared at line 2)
  #define LCD_H  240
.\user\inc\lcd.h(84): warning:  #1-D: last line of file ends without a newline
  #endif
.\user\inc\font.h(14): warning:  #1-D: last line of file ends without a newline
  #endif
.\user\inc\function.h(29): warning:  #1-D: last line of file ends without a newline
  #endif
.\user\inc\voice.h(52): warning:  #1-D: last line of file ends without a newline
  #endif
.\user\inc\iwdg.h(13): warning:  #1-D: last line of file ends without a newline
  #endif
.\user\inc\bs8116.h(27): warning:  #1-D: last line of file ends without a newline
  #endif
.\user\inc\mg200.h(38): warning:  #1-D: last line of file ends without a newline
  #endif
.\user\inc\rc522.h(199): warning:  #1295-D: Deprecated declaration Test_MFRC522 - give arg types
  unsigned char Test_MFRC522();
.\user\inc\rc522.h(201): warning:  #1-D: last line of file ends without a newline
  #endif
.\user\inc\main.h(69): warning:  #1-D: last line of file ends without a newline
  #endif
user\src\lcd.c: 20 warnings, 0 errors
compiling font.c...
.\user\inc\led.h(15): warning:  #1-D: last line of file ends without a newline
  #endif
.\user\inc\main.h(69): warning:  #1-D: last line of file ends without a newline
  #endif
.\user\inc\usart.h(13): warning:  #1-D: last line of file ends without a newline
  #endif
.\user\inc\nvic.h(6): warning:  #1-D: last line of file ends without a newline
  #endif
.\user\inc\selfprintf.h(10): warning:  #1-D: last line of file ends without a newline
  #endif
.\user\inc\tim.h(10): warning:  #1-D: last line of file ends without a newline
  #endif
.\user\inc\delay.h(12): warning:  #1-D: last line of file ends without a newline
  #endif
.\user\inc\door.h(14): warning:  #1-D: last line of file ends without a newline
  #endif
.\user\inc\w25q64.h(30): warning:  #1-D: last line of file ends without a newline
  #endif
.\user\inc\lcd.h(26): warning:  #47-D: incompatible redefinition of macro "LCD_H"  (declared at line 2)
  #define LCD_H  240
.\user\inc\lcd.h(84): warning:  #1-D: last line of file ends without a newline
  #endif
.\user\inc\font.h(14): warning:  #1-D: last line of file ends without a newline
  #endif
.\user\inc\function.h(29): warning:  #1-D: last line of file ends without a newline
  #endif
.\user\inc\voice.h(52): warning:  #1-D: last line of file ends without a newline
  #endif
.\user\inc\iwdg.h(13): warning:  #1-D: last line of file ends without a newline
  #endif
.\user\inc\bs8116.h(27): warning:  #1-D: last line of file ends without a newline
  #endif
.\user\inc\mg200.h(38): warning:  #1-D: last line of file ends without a newline
  #endif
.\user\inc\rc522.h(199): warning:  #1295-D: Deprecated declaration Test_MFRC522 - give arg types
  unsigned char Test_MFRC522();
.\user\inc\rc522.h(201): warning:  #1-D: last line of file ends without a newline
  #endif
.\user\inc\main.h(69): warning:  #1-D: last line of file ends without a newline
  #endif
user\src\font.c: 20 warnings, 0 errors
compiling voice.c...
.\user\inc\led.h(15): warning:  #1-D: last line of file ends without a newline
  #endif
.\user\inc\main.h(69): warning:  #1-D: last line of file ends without a newline
  #endif
.\user\inc\usart.h(13): warning:  #1-D: last line of file ends without a newline
  #endif
.\user\inc\nvic.h(6): warning:  #1-D: last line of file ends without a newline
  #endif
.\user\inc\selfprintf.h(10): warning:  #1-D: last line of file ends without a newline
  #endif
.\user\inc\tim.h(10): warning:  #1-D: last line of file ends without a newline
  #endif
.\user\inc\delay.h(12): warning:  #1-D: last line of file ends without a newline
  #endif
.\user\inc\door.h(14): warning:  #1-D: last line of file ends without a newline
  #endif
.\user\inc\w25q64.h(30): warning:  #1-D: last line of file ends without a newline
  #endif
.\user\inc\lcd.h(26): warning:  #47-D: incompatible redefinition of macro "LCD_H"  (declared at line 2)
  #define LCD_H  240
.\user\inc\lcd.h(84): warning:  #1-D: last line of file ends without a newline
  #endif
.\user\inc\font.h(14): warning:  #1-D: last line of file ends without a newline
  #endif
.\user\inc\function.h(29): warning:  #1-D: last line of file ends without a newline
  #endif
.\user\inc\voice.h(52): warning:  #1-D: last line of file ends without a newline
  #endif
.\user\inc\iwdg.h(13): warning:  #1-D: last line of file ends without a newline
  #endif
.\user\inc\bs8116.h(27): warning:  #1-D: last line of file ends without a newline
  #endif
.\user\inc\mg200.h(38): warning:  #1-D: last line of file ends without a newline
  #endif
.\user\inc\rc522.h(199): warning:  #1295-D: Deprecated declaration Test_MFRC522 - give arg types
  unsigned char Test_MFRC522();
.\user\inc\rc522.h(201): warning:  #1-D: last line of file ends without a newline
  #endif
.\user\inc\main.h(69): warning:  #1-D: last line of file ends without a newline
  #endif
user\src\voice.c: 20 warnings, 0 errors
compiling function.c...
.\user\inc\led.h(15): warning:  #1-D: last line of file ends without a newline
  #endif
.\user\inc\main.h(69): warning:  #1-D: last line of file ends without a newline
  #endif
.\user\inc\usart.h(13): warning:  #1-D: last line of file ends without a newline
  #endif
.\user\inc\nvic.h(6): warning:  #1-D: last line of file ends without a newline
  #endif
.\user\inc\selfprintf.h(10): warning:  #1-D: last line of file ends without a newline
  #endif
.\user\inc\tim.h(10): warning:  #1-D: last line of file ends without a newline
  #endif
.\user\inc\delay.h(12): warning:  #1-D: last line of file ends without a newline
  #endif
.\user\inc\door.h(14): warning:  #1-D: last line of file ends without a newline
  #endif
.\user\inc\w25q64.h(30): warning:  #1-D: last line of file ends without a newline
  #endif
.\user\inc\lcd.h(26): warning:  #47-D: incompatible redefinition of macro "LCD_H"  (declared at line 2)
  #define LCD_H  240
.\user\inc\lcd.h(84): warning:  #1-D: last line of file ends without a newline
  #endif
.\user\inc\font.h(14): warning:  #1-D: last line of file ends without a newline
  #endif
.\user\inc\function.h(29): warning:  #1-D: last line of file ends without a newline
  #endif
.\user\inc\voice.h(52): warning:  #1-D: last line of file ends without a newline
  #endif
.\user\inc\iwdg.h(13): warning:  #1-D: last line of file ends without a newline
  #endif
.\user\inc\bs8116.h(27): warning:  #1-D: last line of file ends without a newline
  #endif
.\user\inc\mg200.h(38): warning:  #1-D: last line of file ends without a newline
  #endif
.\user\inc\rc522.h(199): warning:  #1295-D: Deprecated declaration Test_MFRC522 - give arg types
  unsigned char Test_MFRC522();
.\user\inc\rc522.h(201): warning:  #1-D: last line of file ends without a newline
  #endif
.\user\inc\main.h(69): warning:  #1-D: last line of file ends without a newline
  #endif
user\src\function.c(39): warning:  #177-D: variable "color_flag"  was declared but never referenced
      static int color_flag = 0;
user\src\function.c(155): warning:  #167-D: argument of type "const unsigned char *" is incompatible with parameter of type "u8 *"
                  LCD_xy_clear(45-8,200-8,166,16,0xffff,1,gImage_systemPic);
user\src\function.c(165): warning:  #167-D: argument of type "const unsigned char *" is incompatible with parameter of type "u8 *"
                  LCD_xy_clear(70,130,100,16,0xffff,1,gImage_systemPic);
user\src\function.c(443): warning:  #177-D: variable "y"  was declared but never referenced
  	static u8 x=45,y=95;
user\src\function.c(635): warning:  #260-D: explicit type is missing ("int" assumed)
  	static mg200_register_sta = 1;
user\src\function.c(740): warning:  #260-D: explicit type is missing ("int" assumed)
  	static mg200_erase_sta = 1;
user\src\function.c(745): warning:  #177-D: variable "mg200_ID"  was declared but never referenced
  	u8 mg200_ID;
user\src\function.c(1020): warning:  #177-D: variable "open_flag"  was declared but never referenced
  	u8 open_flag;
user\src\function.c(1085): warning:  #177-D: variable "picc_i"  was declared but never referenced
  	u8 picc_i,picc_j;
user\src\function.c(1085): warning:  #177-D: variable "picc_j"  was declared but never referenced
  	u8 picc_i,picc_j;
user\src\function.c(1087): warning:  #177-D: variable "x"  was declared but never referenced
  	static u16 x;
user\src\function.c(1088): warning:  #177-D: variable "picc_cont"  was declared but never referenced
  	static u8 picc_cont = 0;
user\src\function.c(1089): warning:  #177-D: variable "sta"  was declared but never referenced
  	u8 sta;
user\src\function.c: 33 warnings, 0 errors
compiling iwdg.c...
.\user\inc\led.h(15): warning:  #1-D: last line of file ends without a newline
  #endif
.\user\inc\main.h(69): warning:  #1-D: last line of file ends without a newline
  #endif
.\user\inc\usart.h(13): warning:  #1-D: last line of file ends without a newline
  #endif
.\user\inc\nvic.h(6): warning:  #1-D: last line of file ends without a newline
  #endif
.\user\inc\selfprintf.h(10): warning:  #1-D: last line of file ends without a newline
  #endif
.\user\inc\tim.h(10): warning:  #1-D: last line of file ends without a newline
  #endif
.\user\inc\delay.h(12): warning:  #1-D: last line of file ends without a newline
  #endif
.\user\inc\door.h(14): warning:  #1-D: last line of file ends without a newline
  #endif
.\user\inc\w25q64.h(30): warning:  #1-D: last line of file ends without a newline
  #endif
.\user\inc\lcd.h(26): warning:  #47-D: incompatible redefinition of macro "LCD_H"  (declared at line 2)
  #define LCD_H  240
.\user\inc\lcd.h(84): warning:  #1-D: last line of file ends without a newline
  #endif
.\user\inc\font.h(14): warning:  #1-D: last line of file ends without a newline
  #endif
.\user\inc\function.h(29): warning:  #1-D: last line of file ends without a newline
  #endif
.\user\inc\voice.h(52): warning:  #1-D: last line of file ends without a newline
  #endif
.\user\inc\iwdg.h(13): warning:  #1-D: last line of file ends without a newline
  #endif
.\user\inc\bs8116.h(27): warning:  #1-D: last line of file ends without a newline
  #endif
.\user\inc\mg200.h(38): warning:  #1-D: last line of file ends without a newline
  #endif
.\user\inc\rc522.h(199): warning:  #1295-D: Deprecated declaration Test_MFRC522 - give arg types
  unsigned char Test_MFRC522();
.\user\inc\rc522.h(201): warning:  #1-D: last line of file ends without a newline
  #endif
.\user\inc\main.h(69): warning:  #1-D: last line of file ends without a newline
  #endif
user\src\iwdg.c(30): warning:  #1-D: last line of file ends without a newline
  }
user\src\iwdg.c: 21 warnings, 0 errors
compiling rtc.c...
.\user\inc\led.h(15): warning:  #1-D: last line of file ends without a newline
  #endif
.\user\inc\main.h(69): warning:  #1-D: last line of file ends without a newline
  #endif
.\user\inc\usart.h(13): warning:  #1-D: last line of file ends without a newline
  #endif
.\user\inc\nvic.h(6): warning:  #1-D: last line of file ends without a newline
  #endif
.\user\inc\selfprintf.h(10): warning:  #1-D: last line of file ends without a newline
  #endif
.\user\inc\tim.h(10): warning:  #1-D: last line of file ends without a newline
  #endif
.\user\inc\delay.h(12): warning:  #1-D: last line of file ends without a newline
  #endif
.\user\inc\door.h(14): warning:  #1-D: last line of file ends without a newline
  #endif
.\user\inc\w25q64.h(30): warning:  #1-D: last line of file ends without a newline
  #endif
.\user\inc\lcd.h(26): warning:  #47-D: incompatible redefinition of macro "LCD_H"  (declared at line 2)
  #define LCD_H  240
.\user\inc\lcd.h(84): warning:  #1-D: last line of file ends without a newline
  #endif
.\user\inc\font.h(14): warning:  #1-D: last line of file ends without a newline
  #endif
.\user\inc\function.h(29): warning:  #1-D: last line of file ends without a newline
  #endif
.\user\inc\voice.h(52): warning:  #1-D: last line of file ends without a newline
  #endif
.\user\inc\iwdg.h(13): warning:  #1-D: last line of file ends without a newline
  #endif
.\user\inc\bs8116.h(27): warning:  #1-D: last line of file ends without a newline
  #endif
.\user\inc\mg200.h(38): warning:  #1-D: last line of file ends without a newline
  #endif
.\user\inc\rc522.h(199): warning:  #1295-D: Deprecated declaration Test_MFRC522 - give arg types
  unsigned char Test_MFRC522();
.\user\inc\rc522.h(201): warning:  #1-D: last line of file ends without a newline
  #endif
.\user\inc\main.h(69): warning:  #1-D: last line of file ends without a newline
  #endif
user\src\rtc.c: 20 warnings, 0 errors
compiling bs8116.c...
.\user\inc\led.h(15): warning:  #1-D: last line of file ends without a newline
  #endif
.\user\inc\main.h(69): warning:  #1-D: last line of file ends without a newline
  #endif
.\user\inc\usart.h(13): warning:  #1-D: last line of file ends without a newline
  #endif
.\user\inc\nvic.h(6): warning:  #1-D: last line of file ends without a newline
  #endif
.\user\inc\selfprintf.h(10): warning:  #1-D: last line of file ends without a newline
  #endif
.\user\inc\tim.h(10): warning:  #1-D: last line of file ends without a newline
  #endif
.\user\inc\delay.h(12): warning:  #1-D: last line of file ends without a newline
  #endif
.\user\inc\door.h(14): warning:  #1-D: last line of file ends without a newline
  #endif
.\user\inc\w25q64.h(30): warning:  #1-D: last line of file ends without a newline
  #endif
.\user\inc\lcd.h(26): warning:  #47-D: incompatible redefinition of macro "LCD_H"  (declared at line 2)
  #define LCD_H  240
.\user\inc\lcd.h(84): warning:  #1-D: last line of file ends without a newline
  #endif
.\user\inc\font.h(14): warning:  #1-D: last line of file ends without a newline
  #endif
.\user\inc\function.h(29): warning:  #1-D: last line of file ends without a newline
  #endif
.\user\inc\voice.h(52): warning:  #1-D: last line of file ends without a newline
  #endif
.\user\inc\iwdg.h(13): warning:  #1-D: last line of file ends without a newline
  #endif
.\user\inc\bs8116.h(27): warning:  #1-D: last line of file ends without a newline
  #endif
.\user\inc\mg200.h(38): warning:  #1-D: last line of file ends without a newline
  #endif
.\user\inc\rc522.h(199): warning:  #1295-D: Deprecated declaration Test_MFRC522 - give arg types
  unsigned char Test_MFRC522();
.\user\inc\rc522.h(201): warning:  #1-D: last line of file ends without a newline
  #endif
.\user\inc\main.h(69): warning:  #1-D: last line of file ends without a newline
  #endif
user\src\bs8116.c(275): warning:  #223-D: function "BS8116_Writeregister" declared implicitly
  	BS8116_Writeregister(write_buff);
user\src\bs8116.c(256): warning:  #177-D: variable "register_buff"  was declared but never referenced
  	u8 register_buff[21] = {0};
user\src\bs8116.c(297): warning:  #159-D: declaration is incompatible with previous "BS8116_Writeregister"  (declared at line 275)
  u8 BS8116_Writeregister(u8 *cmd_buff)
user\src\bs8116.c(468): warning:  #111-D: statement is unreachable
  		case 0X0001:return   '1';break;
user\src\bs8116.c(469): warning:  #111-D: statement is unreachable
  		case 0X0400:return   '2';break;
user\src\bs8116.c(470): warning:  #111-D: statement is unreachable
  		case 0X0080:return   '3';break;     
user\src\bs8116.c(471): warning:  #111-D: statement is unreachable
  		case 0X0002:return   '4';break;
user\src\bs8116.c(472): warning:  #111-D: statement is unreachable
  		case 0x0800:return   '5';break;
user\src\bs8116.c(473): warning:  #111-D: statement is unreachable
  		case 0X0040:return   '6';break;
user\src\bs8116.c(474): warning:  #111-D: statement is unreachable
  		case 0X0008:return   '7';break;
user\src\bs8116.c(475): warning:  #111-D: statement is unreachable
  		case 0X0100:return   '8';break;
user\src\bs8116.c(476): warning:  #111-D: statement is unreachable
  		case 0X0020:return   '9';break;
user\src\bs8116.c(477): warning:  #111-D: statement is unreachable
  		case 0X0004:return   '*';break;
user\src\bs8116.c(478): warning:  #111-D: statement is unreachable
  		case 0X0200:return   '0';break;
user\src\bs8116.c(479): warning:  #111-D: statement is unreachable
  		case 0X0010:return   '#';break;
user\src\bs8116.c: 35 warnings, 0 errors
compiling mg200.c...
.\user\inc\led.h(15): warning:  #1-D: last line of file ends without a newline
  #endif
.\user\inc\main.h(69): warning:  #1-D: last line of file ends without a newline
  #endif
.\user\inc\usart.h(13): warning:  #1-D: last line of file ends without a newline
  #endif
.\user\inc\nvic.h(6): warning:  #1-D: last line of file ends without a newline
  #endif
.\user\inc\selfprintf.h(10): warning:  #1-D: last line of file ends without a newline
  #endif
.\user\inc\tim.h(10): warning:  #1-D: last line of file ends without a newline
  #endif
.\user\inc\delay.h(12): warning:  #1-D: last line of file ends without a newline
  #endif
.\user\inc\door.h(14): warning:  #1-D: last line of file ends without a newline
  #endif
.\user\inc\w25q64.h(30): warning:  #1-D: last line of file ends without a newline
  #endif
.\user\inc\lcd.h(26): warning:  #47-D: incompatible redefinition of macro "LCD_H"  (declared at line 2)
  #define LCD_H  240
.\user\inc\lcd.h(84): warning:  #1-D: last line of file ends without a newline
  #endif
.\user\inc\font.h(14): warning:  #1-D: last line of file ends without a newline
  #endif
.\user\inc\function.h(29): warning:  #1-D: last line of file ends without a newline
  #endif
.\user\inc\voice.h(52): warning:  #1-D: last line of file ends without a newline
  #endif
.\user\inc\iwdg.h(13): warning:  #1-D: last line of file ends without a newline
  #endif
.\user\inc\bs8116.h(27): warning:  #1-D: last line of file ends without a newline
  #endif
.\user\inc\mg200.h(38): warning:  #1-D: last line of file ends without a newline
  #endif
.\user\inc\rc522.h(199): warning:  #1295-D: Deprecated declaration Test_MFRC522 - give arg types
  unsigned char Test_MFRC522();
.\user\inc\rc522.h(201): warning:  #1-D: last line of file ends without a newline
  #endif
.\user\inc\main.h(69): warning:  #1-D: last line of file ends without a newline
  #endif
user\src\mg200.c(141): warning:  #9-D: nested comment is not allowed
   * /***********************************************
user\src\mg200.c: 21 warnings, 0 errors
compiling rc522.c...
.\user\inc\led.h(15): warning:  #1-D: last line of file ends without a newline
  #endif
.\user\inc\main.h(69): warning:  #1-D: last line of file ends without a newline
  #endif
.\user\inc\usart.h(13): warning:  #1-D: last line of file ends without a newline
  #endif
.\user\inc\nvic.h(6): warning:  #1-D: last line of file ends without a newline
  #endif
.\user\inc\selfprintf.h(10): warning:  #1-D: last line of file ends without a newline
  #endif
.\user\inc\tim.h(10): warning:  #1-D: last line of file ends without a newline
  #endif
.\user\inc\delay.h(12): warning:  #1-D: last line of file ends without a newline
  #endif
.\user\inc\door.h(14): warning:  #1-D: last line of file ends without a newline
  #endif
.\user\inc\w25q64.h(30): warning:  #1-D: last line of file ends without a newline
  #endif
.\user\inc\lcd.h(26): warning:  #47-D: incompatible redefinition of macro "LCD_H"  (declared at line 2)
  #define LCD_H  240
.\user\inc\lcd.h(84): warning:  #1-D: last line of file ends without a newline
  #endif
.\user\inc\font.h(14): warning:  #1-D: last line of file ends without a newline
  #endif
.\user\inc\function.h(29): warning:  #1-D: last line of file ends without a newline
  #endif
.\user\inc\voice.h(52): warning:  #1-D: last line of file ends without a newline
  #endif
.\user\inc\iwdg.h(13): warning:  #1-D: last line of file ends without a newline
  #endif
.\user\inc\bs8116.h(27): warning:  #1-D: last line of file ends without a newline
  #endif
.\user\inc\mg200.h(38): warning:  #1-D: last line of file ends without a newline
  #endif
.\user\inc\rc522.h(199): warning:  #1295-D: Deprecated declaration Test_MFRC522 - give arg types
  unsigned char Test_MFRC522();
.\user\inc\rc522.h(201): warning:  #1-D: last line of file ends without a newline
  #endif
.\user\inc\main.h(69): warning:  #1-D: last line of file ends without a newline
  #endif
user\src\rc522.c(344): warning:  #550-D: variable "status"  was set but never used
  	char status;
user\src\rc522.c(610): warning:  #1-D: last line of file ends without a newline
  }
user\src\rc522.c: 22 warnings, 0 errors
linking...
Program Size: Code=25922 RO-data=129278 RW-data=216 ZI-data=1856  
FromELF: creating hex file...
".\Objects\smart_lock.axf" - 0 Error(s), 439 Warning(s).
Build Time Elapsed:  00:00:15
